Copyright 1986-2022 Xilinx, Inc. All Rights Reserved.
----------------------------------------------------------------------------------------------------------------------------------------------------------------------------------
| Tool Version     : Vivado v.2022.2 (win64) Build 3671981 Fri Oct 14 05:00:03 MDT 2022
| Date             : Wed Dec 10 10:26:23 2025
| Host             : Taurus running 64-bit major release  (build 9200)
| Command          : report_power -file mario_top_audio_xess_power_routed.rpt -pb mario_top_audio_xess_power_summary_routed.pb -rpx mario_top_audio_xess_power_routed.rpx
| Design           : mario_top_audio_xess
| Device           : xc7s50csga324-1
| Design State     : routed
| Grade            : commercial
| Process          : typical
| Characterization : Production
----------------------------------------------------------------------------------------------------------------------------------------------------------------------------------

Power Report

Table of Contents
-----------------
1. Summary
1.1 On-Chip Components
1.2 Power Supply Summary
1.3 Confidence Level
2. Settings
2.1 Environment
2.2 Clock Constraints
3. Detailed Reports
3.1 By Hierarchy

1. Summary
----------

+--------------------------+--------------+
| Total On-Chip Power (W)  | 1.222        |
| Design Power Budget (W)  | Unspecified* |
| Power Budget Margin (W)  | NA           |
| Dynamic (W)              | 1.143        |
| Device Static (W)        | 0.079        |
| Effective TJA (C/W)      | 4.9          |
| Max Ambient (C)          | 79.0         |
| Junction Temperature (C) | 31.0         |
| Confidence Level         | Low          |
| Setting File             | ---          |
| Simulation Activity File | ---          |
| Design Nets Matched      | NA           |
+--------------------------+--------------+
* Specify Design Power Budget using, set_operating_conditions -design_power_budget <value in Watts>


1.1 On-Chip Components
----------------------

+--------------------------+-----------+----------+-----------+-----------------+
| On-Chip                  | Power (W) | Used     | Available | Utilization (%) |
+--------------------------+-----------+----------+-----------+-----------------+
| Clocks                   |     0.052 |       30 |       --- |             --- |
| Slice Logic              |     0.039 |    56269 |       --- |             --- |
|   LUT as Logic           |     0.035 |    27076 |     32600 |           83.06 |
|   CARRY4                 |     0.002 |     2973 |      8150 |           36.48 |
|   Register               |     0.001 |    13611 |     65200 |           20.88 |
|   LUT as Distributed RAM |    <0.001 |      524 |      9600 |            5.46 |
|   F7/F8 Muxes            |    <0.001 |      259 |     32600 |            0.79 |
|   LUT as Shift Register  |    <0.001 |      662 |      9600 |            6.90 |
|   Others                 |    <0.001 |     1664 |       --- |             --- |
|   BUFG                   |    <0.001 |        1 |        32 |            3.13 |
| Signals                  |     0.047 |    39336 |       --- |             --- |
| Block RAM                |     0.051 |     18.5 |        75 |           24.67 |
| MMCM                     |     0.316 |        3 |         5 |           60.00 |
| PLL                      |     0.116 |        1 |         5 |           20.00 |
| DSPs                     |     0.005 |       12 |       120 |           10.00 |
| I/O                      |     0.400 |       72 |       210 |           34.29 |
| PHASER                   |     0.113 |       14 |       --- |             --- |
| XADC                     |     0.004 |        1 |       --- |             --- |
| Static Power             |     0.079 |          |           |                 |
| Total                    |     1.222 |          |           |                 |
+--------------------------+-----------+----------+-----------+-----------------+


1.2 Power Supply Summary
------------------------

+-----------+-------------+-----------+-------------+------------+-------------+-------------+------------+
| Source    | Voltage (V) | Total (A) | Dynamic (A) | Static (A) | Powerup (A) | Budget (A)  | Margin (A) |
+-----------+-------------+-----------+-------------+------------+-------------+-------------+------------+
| Vccint    |       1.000 |     0.240 |       0.228 |      0.012 |       NA    | Unspecified | NA         |
| Vccaux    |       1.800 |     0.355 |       0.342 |      0.013 |       NA    | Unspecified | NA         |
| Vcco33    |       3.300 |     0.042 |       0.041 |      0.001 |       NA    | Unspecified | NA         |
| Vcco25    |       2.500 |     0.002 |       0.001 |      0.001 |       NA    | Unspecified | NA         |
| Vcco18    |       1.800 |     0.000 |       0.000 |      0.000 |       NA    | Unspecified | NA         |
| Vcco15    |       1.500 |     0.000 |       0.000 |      0.000 |       NA    | Unspecified | NA         |
| Vcco135   |       1.350 |     0.116 |       0.115 |      0.001 |       NA    | Unspecified | NA         |
| Vcco12    |       1.200 |     0.000 |       0.000 |      0.000 |       NA    | Unspecified | NA         |
| Vccaux_io |       1.800 |     0.000 |       0.000 |      0.000 |       NA    | Unspecified | NA         |
| Vccbram   |       1.000 |     0.005 |       0.004 |      0.001 |       NA    | Unspecified | NA         |
| Vccadc    |       1.800 |     0.022 |       0.002 |      0.020 |       NA    | Unspecified | NA         |
+-----------+-------------+-----------+-------------+------------+-------------+-------------+------------+


1.3 Confidence Level
--------------------

+-----------------------------+------------+--------------------------------------------------------+------------------------------------------------------------------------------------------------------------+
| User Input Data             | Confidence | Details                                                | Action                                                                                                     |
+-----------------------------+------------+--------------------------------------------------------+------------------------------------------------------------------------------------------------------------+
| Design implementation state | High       | Design is routed                                       |                                                                                                            |
| Clock nodes activity        | High       | User specified more than 95% of clocks                 |                                                                                                            |
| I/O nodes activity          | Low        | More than 75% of inputs are missing user specification | Provide missing input activity with simulation results or by editing the "By Resource Type -> I/Os" view   |
| Internal nodes activity     | Medium     | User specified less than 25% of internal nodes         | Provide missing internal nodes activity with simulation results or by editing the "By Resource Type" views |
| Device models               | High       | Device models are Production                           |                                                                                                            |
|                             |            |                                                        |                                                                                                            |
| Overall confidence level    | Low        |                                                        |                                                                                                            |
+-----------------------------+------------+--------------------------------------------------------+------------------------------------------------------------------------------------------------------------+


2. Settings
-----------

2.1 Environment
---------------

+-----------------------+--------------------------+
| Ambient Temp (C)      | 25.0                     |
| ThetaJA (C/W)         | 4.9                      |
| Airflow (LFM)         | 250                      |
| Heat Sink             | medium (Medium Profile)  |
| ThetaSA (C/W)         | 4.6                      |
| Board Selection       | medium (10"x10")         |
| # of Board Layers     | 12to15 (12 to 15 Layers) |
| Board Temperature (C) | 25.0                     |
+-----------------------+--------------------------+


2.2 Clock Constraints
---------------------

+-----------------------------------------------------------------------------------------------------------------------------------------------------------+--------------------------------------------------------------------------------------------------------------------------------------------------------------------------------------------------------------------------------------------+-----------------+
| Clock                                                                                                                                                     | Domain                                                                                                                                                                                                                                     | Constraint (ns) |
+-----------------------------------------------------------------------------------------------------------------------------------------------------------+--------------------------------------------------------------------------------------------------------------------------------------------------------------------------------------------------------------------------------------------+-----------------+
| bd_mario_i/bd_mario_i/mdm_1/U0/Use_E2.BSCAN_I/Use_E2.BSCANE2_I/DRCK                                                                                       | bd_mario_i/bd_mario_i/mdm_1/U0/Use_E2.BSCAN_I/DRCK                                                                                                                                                                                         |            33.3 |
| bd_mario_i/bd_mario_i/mdm_1/U0/Use_E2.BSCAN_I/Use_E2.BSCANE2_I/UPDATE                                                                                     | bd_mario_i/bd_mario_i/mdm_1/U0/Use_E2.BSCAN_I/Dbg_Update_0                                                                                                                                                                                 |            33.3 |
| clk_out1_clk_wiz_0_1                                                                                                                                      | clk_wiz/inst/clk_out1_clk_wiz_0_1                                                                                                                                                                                                          |            40.0 |
| clk_out2_clk_wiz_0_1                                                                                                                                      | clk_wiz/inst/clk_out2_clk_wiz_0_1                                                                                                                                                                                                          |             8.0 |
| clk_pll_i                                                                                                                                                 | bd_mario_i/bd_mario_i/mig_7series_0/u_bd_mario_mig_7series_0_0_mig/u_ddr3_infrastructure/clk_pll_i                                                                                                                                         |            12.0 |
| clkfbout_bd_mario_clk_wiz_0_0                                                                                                                             | bd_mario_i/bd_mario_i/clk_wiz_0/inst/clkfbout_bd_mario_clk_wiz_0_0                                                                                                                                                                         |            60.0 |
| clkfbout_clk_wiz_0_1                                                                                                                                      | clk_wiz/inst/clkfbout_clk_wiz_0_1                                                                                                                                                                                                          |            10.0 |
| freq_refclk                                                                                                                                               | bd_mario_i/bd_mario_i/mig_7series_0/u_bd_mario_mig_7series_0_0_mig/u_ddr3_infrastructure/freq_refclk                                                                                                                                       |             1.5 |
| iserdes_clkdiv                                                                                                                                            | bd_mario_i/bd_mario_i/mig_7series_0/u_bd_mario_mig_7series_0_0_mig/u_memc_ui_top_axi/mem_intfc0/ddr_phy_top0/u_ddr_mc_phy_wrapper/u_ddr_mc_phy/ddr_phy_4lanes_0.u_ddr_phy_4lanes/ddr_byte_lane_C.ddr_byte_lane_C/iserdes_clkdiv            |            12.0 |
| iserdes_clkdiv_1                                                                                                                                          | bd_mario_i/bd_mario_i/mig_7series_0/u_bd_mario_mig_7series_0_0_mig/u_memc_ui_top_axi/mem_intfc0/ddr_phy_top0/u_ddr_mc_phy_wrapper/u_ddr_mc_phy/ddr_phy_4lanes_0.u_ddr_phy_4lanes/ddr_byte_lane_D.ddr_byte_lane_D/iserdes_clkdiv            |            12.0 |
| mem_refclk                                                                                                                                                | bd_mario_i/bd_mario_i/mig_7series_0/u_bd_mario_mig_7series_0_0_mig/u_ddr3_infrastructure/mem_refclk                                                                                                                                        |             3.0 |
| mmcm_clkout0                                                                                                                                              | bd_mario_i/bd_mario_i/mig_7series_0/u_bd_mario_mig_7series_0_0_mig/u_ddr3_infrastructure/mmcm_clkout0                                                                                                                                      |             5.1 |
| mmcm_clkout1                                                                                                                                              | bd_mario_i/bd_mario_i/mig_7series_0/u_bd_mario_mig_7series_0_0_mig/u_ddr3_infrastructure/mmcm_clkout1                                                                                                                                      |            10.5 |
| mmcm_clkout1                                                                                                                                              | bd_mario_i/bd_mario_i/mig_7series_0/u_bd_mario_mig_7series_0_0_mig/u_ddr3_infrastructure/ui_addn_clk_1                                                                                                                                     |            10.5 |
| oserdes_clk                                                                                                                                               | bd_mario_i/bd_mario_i/mig_7series_0/u_bd_mario_mig_7series_0_0_mig/u_memc_ui_top_axi/mem_intfc0/ddr_phy_top0/u_ddr_mc_phy_wrapper/u_ddr_mc_phy/ddr_phy_4lanes_0.u_ddr_phy_4lanes/ddr_byte_lane_A.ddr_byte_lane_A/oserdes_clk               |             3.0 |
| oserdes_clk_1                                                                                                                                             | bd_mario_i/bd_mario_i/mig_7series_0/u_bd_mario_mig_7series_0_0_mig/u_memc_ui_top_axi/mem_intfc0/ddr_phy_top0/u_ddr_mc_phy_wrapper/u_ddr_mc_phy/ddr_phy_4lanes_0.u_ddr_phy_4lanes/ddr_byte_lane_B.ddr_byte_lane_B/oserdes_clk               |             3.0 |
| oserdes_clk_2                                                                                                                                             | bd_mario_i/bd_mario_i/mig_7series_0/u_bd_mario_mig_7series_0_0_mig/u_memc_ui_top_axi/mem_intfc0/ddr_phy_top0/u_ddr_mc_phy_wrapper/u_ddr_mc_phy/ddr_phy_4lanes_0.u_ddr_phy_4lanes/ddr_byte_lane_C.ddr_byte_lane_C/oserdes_clk               |             3.0 |
| oserdes_clk_3                                                                                                                                             | bd_mario_i/bd_mario_i/mig_7series_0/u_bd_mario_mig_7series_0_0_mig/u_memc_ui_top_axi/mem_intfc0/ddr_phy_top0/u_ddr_mc_phy_wrapper/u_ddr_mc_phy/ddr_phy_4lanes_0.u_ddr_phy_4lanes/ddr_byte_lane_D.ddr_byte_lane_D/oserdes_clk               |             3.0 |
| oserdes_clkdiv                                                                                                                                            | bd_mario_i/bd_mario_i/mig_7series_0/u_bd_mario_mig_7series_0_0_mig/u_memc_ui_top_axi/mem_intfc0/ddr_phy_top0/u_ddr_mc_phy_wrapper/u_ddr_mc_phy/ddr_phy_4lanes_0.u_ddr_phy_4lanes/ddr_byte_lane_A.ddr_byte_lane_A/oserdes_clkdiv            |            12.0 |
| oserdes_clkdiv_1                                                                                                                                          | bd_mario_i/bd_mario_i/mig_7series_0/u_bd_mario_mig_7series_0_0_mig/u_memc_ui_top_axi/mem_intfc0/ddr_phy_top0/u_ddr_mc_phy_wrapper/u_ddr_mc_phy/ddr_phy_4lanes_0.u_ddr_phy_4lanes/ddr_byte_lane_B.ddr_byte_lane_B/oserdes_clkdiv            |            12.0 |
| oserdes_clkdiv_2                                                                                                                                          | bd_mario_i/bd_mario_i/mig_7series_0/u_bd_mario_mig_7series_0_0_mig/u_memc_ui_top_axi/mem_intfc0/ddr_phy_top0/u_ddr_mc_phy_wrapper/u_ddr_mc_phy/ddr_phy_4lanes_0.u_ddr_phy_4lanes/ddr_byte_lane_C.ddr_byte_lane_C/oserdes_clkdiv            |             6.0 |
| oserdes_clkdiv_3                                                                                                                                          | bd_mario_i/bd_mario_i/mig_7series_0/u_bd_mario_mig_7series_0_0_mig/u_memc_ui_top_axi/mem_intfc0/ddr_phy_top0/u_ddr_mc_phy_wrapper/u_ddr_mc_phy/ddr_phy_4lanes_0.u_ddr_phy_4lanes/ddr_byte_lane_D.ddr_byte_lane_D/oserdes_clkdiv            |             6.0 |
| pll_clk3_out                                                                                                                                              | bd_mario_i/bd_mario_i/mig_7series_0/u_bd_mario_mig_7series_0_0_mig/u_ddr3_infrastructure/pll_clk3_out                                                                                                                                      |            12.0 |
| pll_clkfbout                                                                                                                                              | bd_mario_i/bd_mario_i/mig_7series_0/u_bd_mario_mig_7series_0_0_mig/u_ddr3_infrastructure/pll_clkfbout                                                                                                                                      |             9.8 |
| sync_pulse                                                                                                                                                | bd_mario_i/bd_mario_i/mig_7series_0/u_bd_mario_mig_7series_0_0_mig/u_ddr3_infrastructure/sync_pulse                                                                                                                                        |            48.0 |
| sys_clk_p                                                                                                                                                 | sys_clk_p                                                                                                                                                                                                                                  |             9.8 |
| u_memc_ui_top_axi/mem_intfc0/ddr_phy_top0/u_ddr_mc_phy_wrapper/u_ddr_mc_phy/ddr_phy_4lanes_0.u_ddr_phy_4lanes/ddr_byte_lane_C.ddr_byte_lane_C/iserdes_clk | bd_mario_i/bd_mario_i/mig_7series_0/u_bd_mario_mig_7series_0_0_mig/u_memc_ui_top_axi/mem_intfc0/ddr_phy_top0/u_ddr_mc_phy_wrapper/u_ddr_mc_phy/ddr_phy_4lanes_0.u_ddr_phy_4lanes/ddr_byte_lane_C.ddr_byte_lane_C/phaser_in_gen.phaser_in_0 |             3.0 |
| u_memc_ui_top_axi/mem_intfc0/ddr_phy_top0/u_ddr_mc_phy_wrapper/u_ddr_mc_phy/ddr_phy_4lanes_0.u_ddr_phy_4lanes/ddr_byte_lane_D.ddr_byte_lane_D/iserdes_clk | bd_mario_i/bd_mario_i/mig_7series_0/u_bd_mario_mig_7series_0_0_mig/u_memc_ui_top_axi/mem_intfc0/ddr_phy_top0/u_ddr_mc_phy_wrapper/u_ddr_mc_phy/ddr_phy_4lanes_0.u_ddr_phy_4lanes/ddr_byte_lane_D.ddr_byte_lane_D/phaser_in_gen.phaser_in_0 |             3.0 |
+-----------------------------------------------------------------------------------------------------------------------------------------------------------+--------------------------------------------------------------------------------------------------------------------------------------------------------------------------------------------------------------------------------------------+-----------------+


3. Detailed Reports
-------------------

3.1 By Hierarchy
----------------

+-------------------------------+-----------+
| Name                          | Power (W) |
+-------------------------------+-----------+
| mario_top_audio_xess          |     1.143 |
|   audio_ctrl                  |     0.003 |
|     audio_fifo                |     0.001 |
|       audio_fifo_inst         |     0.001 |
|   bd_mario_i                  |     0.999 |
|     bd_mario_i                |     0.997 |
|       axi_timer_0             |     0.002 |
|       clk_wiz_0               |     0.113 |
|       microblaze_0            |     0.079 |
|       microblaze_0_axi_intc   |     0.001 |
|       microblaze_0_axi_periph |     0.020 |
|       mig_7series_0           |     0.641 |
|       rgb2dvi_0               |     0.135 |
|       spi_usb                 |     0.003 |
|   clk_wiz                     |     0.104 |
|     inst                      |     0.104 |
|   game_engine                 |     0.028 |
|   sd_card_inst                |     0.002 |
+-------------------------------+-----------+


