#-----------------------------------------------------------
# Vivado v2022.2 (64-bit)
# SW Build 3671981 on Fri Oct 14 05:00:03 MDT 2022
# IP Build 3669848 on Fri Oct 14 08:30:02 MDT 2022
# Start of session at: Sun Dec  7 21:41:22 2025
# Process ID: 44832
# Current directory: C:/Super_Mario/super_mario
# Command line: vivado.exe -gui_launcher_event rodinguilauncherevent81104 C:\Super_Mario\super_mario\super_mario.xpr
# Log file: C:/Super_Mario/super_mario/vivado.log
# Journal file: C:/Super_Mario/super_mario\vivado.jou
# Running On: Taurus, OS: Windows, CPU Frequency: 3072 MHz, CPU Physical cores: 24, Host memory: 33777 MB
#-----------------------------------------------------------
start_gui
open_project C:/Super_Mario/super_mario/super_mario.xpr
WARNING: [Board 49-26] cannot add Board Part xilinx.com:ac701:part0:1.4 available at D:/vivado1/Vivado/2022.2/data/xhub/boards/XilinxBoardStore/boards/Xilinx/ac701/1.4/board.xml as part xc7a200tfbg676-2 specified in board_part file is either invalid or not available
WARNING: [Board 49-26] cannot add Board Part xilinx.com:k26c:part0:1.2 available at D:/vivado1/Vivado/2022.2/data/xhub/boards/XilinxBoardStore/boards/Xilinx/k26c/1.2/board.xml as part xck26-sfvc784-2lv-c specified in board_part file is either invalid or not available
WARNING: [Board 49-26] cannot add Board Part xilinx.com:k26c:part0:1.3 available at D:/vivado1/Vivado/2022.2/data/xhub/boards/XilinxBoardStore/boards/Xilinx/k26c/1.3/board.xml as part xck26-sfvc784-2lv-c specified in board_part file is either invalid or not available
WARNING: [Board 49-26] cannot add Board Part xilinx.com:k26c:part0:1.4 available at D:/vivado1/Vivado/2022.2/data/xhub/boards/XilinxBoardStore/boards/Xilinx/k26c/1.4/board.xml as part xck26-sfvc784-2lv-c specified in board_part file is either invalid or not available
WARNING: [Board 49-26] cannot add Board Part xilinx.com:k26i:part0:1.2 available at D:/vivado1/Vivado/2022.2/data/xhub/boards/XilinxBoardStore/boards/Xilinx/k26i/1.2/board.xml as part xck26-sfvc784-2lvi-i specified in board_part file is either invalid or not available
WARNING: [Board 49-26] cannot add Board Part xilinx.com:k26i:part0:1.3 available at D:/vivado1/Vivado/2022.2/data/xhub/boards/XilinxBoardStore/boards/Xilinx/k26i/1.3/board.xml as part xck26-sfvc784-2lvi-i specified in board_part file is either invalid or not available
WARNING: [Board 49-26] cannot add Board Part xilinx.com:k26i:part0:1.4 available at D:/vivado1/Vivado/2022.2/data/xhub/boards/XilinxBoardStore/boards/Xilinx/k26i/1.4/board.xml as part xck26-sfvc784-2lvi-i specified in board_part file is either invalid or not available
WARNING: [Board 49-26] cannot add Board Part xilinx.com:kc705:part0:1.6 available at D:/vivado1/Vivado/2022.2/data/xhub/boards/XilinxBoardStore/boards/Xilinx/kc705/1.6/board.xml as part xc7k325tffg900-2 specified in board_part file is either invalid or not available
WARNING: [Board 49-26] cannot add Board Part xilinx.com:kcu105:part0:1.6 available at D:/vivado1/Vivado/2022.2/data/xhub/boards/XilinxBoardStore/boards/Xilinx/kcu105/1.6/board.xml as part xcku040-ffva1156-2-e specified in board_part file is either invalid or not available
WARNING: [Board 49-26] cannot add Board Part xilinx.com:kcu105:part0:1.7 available at D:/vivado1/Vivado/2022.2/data/xhub/boards/XilinxBoardStore/boards/Xilinx/kcu105/1.7/board.xml as part xcku040-ffva1156-2-e specified in board_part file is either invalid or not available
WARNING: [Board 49-26] cannot add Board Part xilinx.com:kcu116:part0:1.4 available at D:/vivado1/Vivado/2022.2/data/xhub/boards/XilinxBoardStore/boards/Xilinx/kcu116/1.4/board.xml as part xcku5p-ffvb676-2-e specified in board_part file is either invalid or not available
WARNING: [Board 49-26] cannot add Board Part xilinx.com:kcu116:part0:1.5 available at D:/vivado1/Vivado/2022.2/data/xhub/boards/XilinxBoardStore/boards/Xilinx/kcu116/1.5/board.xml as part xcku5p-ffvb676-2-e specified in board_part file is either invalid or not available
WARNING: [Board 49-26] cannot add Board Part xilinx.com:kcu1500:part0:1.2 available at D:/vivado1/Vivado/2022.2/data/xhub/boards/XilinxBoardStore/boards/Xilinx/kcu1500/1.2/board.xml as part xcku115-flvb2104-2-e specified in board_part file is either invalid or not available
WARNING: [Board 49-26] cannot add Board Part xilinx.com:kr260_som:part0:1.0 available at D:/vivado1/Vivado/2022.2/data/xhub/boards/XilinxBoardStore/boards/Xilinx/kr260_som/1.0/board.xml as part xck26-sfvc784-2lv-c specified in board_part file is either invalid or not available
WARNING: [Board 49-26] cannot add Board Part xilinx.com:kr260_som:part0:1.1 available at D:/vivado1/Vivado/2022.2/data/xhub/boards/XilinxBoardStore/boards/Xilinx/kr260_som/1.1/board.xml as part xck26-sfvc784-2lv-c specified in board_part file is either invalid or not available
WARNING: [Board 49-26] cannot add Board Part xilinx.com:kv260_som:part0:1.2 available at D:/vivado1/Vivado/2022.2/data/xhub/boards/XilinxBoardStore/boards/Xilinx/kv260_som/1.2/board.xml as part xck26-sfvc784-2lv-c specified in board_part file is either invalid or not available
WARNING: [Board 49-26] cannot add Board Part xilinx.com:kv260_som:part0:1.3 available at D:/vivado1/Vivado/2022.2/data/xhub/boards/XilinxBoardStore/boards/Xilinx/kv260_som/1.3/board.xml as part xck26-sfvc784-2lv-c specified in board_part file is either invalid or not available
WARNING: [Board 49-26] cannot add Board Part xilinx.com:kv260_som:part0:1.4 available at D:/vivado1/Vivado/2022.2/data/xhub/boards/XilinxBoardStore/boards/Xilinx/kv260_som/1.4/board.xml as part xck26-sfvc784-2lv-c specified in board_part file is either invalid or not available
WARNING: [Board 49-26] cannot add Board Part xilinx.com:vc707:part0:1.4 available at D:/vivado1/Vivado/2022.2/data/xhub/boards/XilinxBoardStore/boards/Xilinx/vc707/1.4/board.xml as part xc7vx485tffg1761-2 specified in board_part file is either invalid or not available
WARNING: [Board 49-26] cannot add Board Part xilinx.com:vc709:part0:1.8 available at D:/vivado1/Vivado/2022.2/data/xhub/boards/XilinxBoardStore/boards/Xilinx/vc709/1.8/board.xml as part xc7vx690tffg1761-2 specified in board_part file is either invalid or not available
WARNING: [Board 49-26] cannot add Board Part xilinx.com:vck190:part0:2.2 available at D:/vivado1/Vivado/2022.2/data/xhub/boards/XilinxBoardStore/boards/Xilinx/vck190/production/2.2/board.xml as part xcvc1902-vsva2197-2mp-e-s specified in board_part file is either invalid or not available
WARNING: [Board 49-26] cannot add Board Part xilinx.com:vck190:part0:3.0 available at D:/vivado1/Vivado/2022.2/data/xhub/boards/XilinxBoardStore/boards/Xilinx/vck190/production/3.0/board.xml as part xcvc1902-vsva2197-2mp-e-s specified in board_part file is either invalid or not available
WARNING: [Board 49-26] cannot add Board Part xilinx.com:vck190:part0:3.1 available at D:/vivado1/Vivado/2022.2/data/xhub/boards/XilinxBoardStore/boards/Xilinx/vck190/production/3.1/board.xml as part xcvc1902-vsva2197-2mp-e-s specified in board_part file is either invalid or not available
WARNING: [Board 49-26] cannot add Board Part xilinx.com:vck190_newl:part0:1.0 available at D:/vivado1/Vivado/2022.2/data/xhub/boards/XilinxBoardStore/boards/Xilinx/vck190_newl/production/1.0/board.xml as part xcvc1902-vsva2197-2mp-e-s specified in board_part file is either invalid or not available
WARNING: [Board 49-26] cannot add Board Part xilinx.com:vcu108:part0:1.6 available at D:/vivado1/Vivado/2022.2/data/xhub/boards/XilinxBoardStore/boards/Xilinx/vcu108/1.6/board.xml as part xcvu095-ffva2104-2-e specified in board_part file is either invalid or not available
WARNING: [Board 49-26] cannot add Board Part xilinx.com:vcu108:part0:1.7 available at D:/vivado1/Vivado/2022.2/data/xhub/boards/XilinxBoardStore/boards/Xilinx/vcu108/1.7/board.xml as part xcvu095-ffva2104-2-e specified in board_part file is either invalid or not available
WARNING: [Board 49-26] cannot add Board Part xilinx.com:vcu110:part0:1.4 available at D:/vivado1/Vivado/2022.2/data/xhub/boards/XilinxBoardStore/boards/Xilinx/vcu110/1.4/board.xml as part xcvu190-flgc2104-2-e specified in board_part file is either invalid or not available
WARNING: [Board 49-26] cannot add Board Part xilinx.com:vcu118:part0:2.0 available at D:/vivado1/Vivado/2022.2/data/xhub/boards/XilinxBoardStore/boards/Xilinx/vcu118/2.0/board.xml as part xcvu9p-flga2104-2l-e specified in board_part file is either invalid or not available
WARNING: [Board 49-26] cannot add Board Part xilinx.com:vcu118:part0:2.3 available at D:/vivado1/Vivado/2022.2/data/xhub/boards/XilinxBoardStore/boards/Xilinx/vcu118/2.3/board.xml as part xcvu9p-flga2104-2l-e specified in board_part file is either invalid or not available
WARNING: [Board 49-26] cannot add Board Part xilinx.com:vcu118:part0:2.4 available at D:/vivado1/Vivado/2022.2/data/xhub/boards/XilinxBoardStore/boards/Xilinx/vcu118/2.4/board.xml as part xcvu9p-flga2104-2l-e specified in board_part file is either invalid or not available
WARNING: [Board 49-26] cannot add Board Part xilinx.com:vcu128:part0:1.0 available at D:/vivado1/Vivado/2022.2/data/xhub/boards/XilinxBoardStore/boards/Xilinx/vcu128/production/1.0/board.xml as part xcvu37p-fsvh2892-2l-e specified in board_part file is either invalid or not available
WARNING: [Board 49-26] cannot add Board Part xilinx.com:vcu129:part0:1.0 available at D:/vivado1/Vivado/2022.2/data/xhub/boards/XilinxBoardStore/boards/Xilinx/vcu129/production/1.0/board.xml as part xcvu29p-fsga2577-2l-e specified in board_part file is either invalid or not available
WARNING: [Board 49-26] cannot add Board Part xilinx.com:vcu1525:part0:1.3 available at D:/vivado1/Vivado/2022.2/data/xhub/boards/XilinxBoardStore/boards/Xilinx/vcu1525/1.3/board.xml as part xcvu9p-fsgd2104-2l-e specified in board_part file is either invalid or not available
WARNING: [Board 49-26] cannot add Board Part xilinx.com:vek280_es:part0:1.0 available at D:/vivado1/Vivado/2022.2/data/xhub/boards/XilinxBoardStore/boards/Xilinx/vek280/es/1.0/board.xml as part xcve2802-vsvh1760-2lp-e-s-es1 specified in board_part file is either invalid or not available
WARNING: [Board 49-26] cannot add Board Part xilinx.com:vermeo_t1_mpsoc:part0:1.0 available at D:/vivado1/Vivado/2022.2/data/xhub/boards/XilinxBoardStore/boards/Xilinx/vermeo_t1_mpsoc/1.0/board.xml as part xczu19eg-ffvd1760-2l-e specified in board_part file is either invalid or not available
WARNING: [Board 49-26] cannot add Board Part xilinx.com:vermeo_t1_rfsoc:part0:1.0 available at D:/vivado1/Vivado/2022.2/data/xhub/boards/XilinxBoardStore/boards/Xilinx/vermeo_t1_rfsoc/1.0/board.xml as part xczu21dr-ffvd1156-2l-e specified in board_part file is either invalid or not available
WARNING: [Board 49-26] cannot add Board Part xilinx.com:vhk158_es:part0:1.0 available at D:/vivado1/Vivado/2022.2/data/xhub/boards/XilinxBoardStore/boards/Xilinx/vhk158/es/1.0/board.xml as part xcvh1582-vsva3697-2mp-e-s-es1 specified in board_part file is either invalid or not available
WARNING: [Board 49-26] cannot add Board Part xilinx.com:vmk180:part0:2.2 available at D:/vivado1/Vivado/2022.2/data/xhub/boards/XilinxBoardStore/boards/Xilinx/vmk180/production/2.2/board.xml as part xcvm1802-vsva2197-2mp-e-s specified in board_part file is either invalid or not available
WARNING: [Board 49-26] cannot add Board Part xilinx.com:vmk180:part0:3.0 available at D:/vivado1/Vivado/2022.2/data/xhub/boards/XilinxBoardStore/boards/Xilinx/vmk180/production/3.0/board.xml as part xcvm1802-vsva2197-2mp-e-s specified in board_part file is either invalid or not available
WARNING: [Board 49-26] cannot add Board Part xilinx.com:vmk180:part0:3.1 available at D:/vivado1/Vivado/2022.2/data/xhub/boards/XilinxBoardStore/boards/Xilinx/vmk180/production/3.1/board.xml as part xcvm1802-vsva2197-2mp-e-s specified in board_part file is either invalid or not available
WARNING: [Board 49-26] cannot add Board Part xilinx.com:vmk180_newl:part0:1.0 available at D:/vivado1/Vivado/2022.2/data/xhub/boards/XilinxBoardStore/boards/Xilinx/vmk180_newl/production/1.0/board.xml as part xcvm1802-vsva2197-2mp-e-s specified in board_part file is either invalid or not available
WARNING: [Board 49-26] cannot add Board Part xilinx.com:vpk120:part0:1.0 available at D:/vivado1/Vivado/2022.2/data/xhub/boards/XilinxBoardStore/boards/Xilinx/vpk120/production/1.0/board.xml as part xcvp1202-vsva2785-2mp-e-s specified in board_part file is either invalid or not available
WARNING: [Board 49-26] cannot add Board Part xilinx.com:vpk120_es:part0:1.2 available at D:/vivado1/Vivado/2022.2/data/xhub/boards/XilinxBoardStore/boards/Xilinx/vpk120/es/1.2/board.xml as part xcvp1202-vsva2785-2mp-e-s-es1 specified in board_part file is either invalid or not available
WARNING: [Board 49-26] cannot add Board Part xilinx.com:vpk120_es_revb:part0:1.0 available at D:/vivado1/Vivado/2022.2/data/xhub/boards/XilinxBoardStore/boards/Xilinx/vpk120_revb/es/1.0/board.xml as part xcvp1202-vsva2785-2mp-e-s-es1 specified in board_part file is either invalid or not available
WARNING: [Board 49-26] cannot add Board Part xilinx.com:vpk180_es:part0:1.0 available at D:/vivado1/Vivado/2022.2/data/xhub/boards/XilinxBoardStore/boards/Xilinx/vpk180/es/1.0/board.xml as part xcvp1802-lsvc4072-2mp-e-s-es1 specified in board_part file is either invalid or not available
WARNING: [Board 49-26] cannot add Board Part xilinx.com:zc702:part0:1.4 available at D:/vivado1/Vivado/2022.2/data/xhub/boards/XilinxBoardStore/boards/Xilinx/zc702/1.4/board.xml as part xc7z020clg484-1 specified in board_part file is either invalid or not available
WARNING: [Board 49-26] cannot add Board Part xilinx.com:zc706:part0:1.4 available at D:/vivado1/Vivado/2022.2/data/xhub/boards/XilinxBoardStore/boards/Xilinx/zc706/1.4/board.xml as part xc7z045ffg900-2 specified in board_part file is either invalid or not available
WARNING: [Board 49-26] cannot add Board Part xilinx.com:zcu102:part0:3.3 available at D:/vivado1/Vivado/2022.2/data/xhub/boards/XilinxBoardStore/boards/Xilinx/zcu102/3.3/board.xml as part xczu9eg-ffvb1156-2-e specified in board_part file is either invalid or not available
WARNING: [Board 49-26] cannot add Board Part xilinx.com:zcu102:part0:3.4 available at D:/vivado1/Vivado/2022.2/data/xhub/boards/XilinxBoardStore/boards/Xilinx/zcu102/3.4/board.xml as part xczu9eg-ffvb1156-2-e specified in board_part file is either invalid or not available
WARNING: [Board 49-26] cannot add Board Part xilinx.com:zcu104:part0:1.1 available at D:/vivado1/Vivado/2022.2/data/xhub/boards/XilinxBoardStore/boards/Xilinx/zcu104/1.1/board.xml as part xczu7ev-ffvc1156-2-e specified in board_part file is either invalid or not available
WARNING: [Board 49-26] cannot add Board Part xilinx.com:zcu106:part0:2.4 available at D:/vivado1/Vivado/2022.2/data/xhub/boards/XilinxBoardStore/boards/Xilinx/zcu106/2.4/board.xml as part xczu7ev-ffvc1156-2-e specified in board_part file is either invalid or not available
WARNING: [Board 49-26] cannot add Board Part xilinx.com:zcu106:part0:2.5 available at D:/vivado1/Vivado/2022.2/data/xhub/boards/XilinxBoardStore/boards/Xilinx/zcu106/2.5/board.xml as part xczu7ev-ffvc1156-2-e specified in board_part file is either invalid or not available
WARNING: [Board 49-26] cannot add Board Part xilinx.com:zcu106:part0:2.6 available at D:/vivado1/Vivado/2022.2/data/xhub/boards/XilinxBoardStore/boards/Xilinx/zcu106/2.6/board.xml as part xczu7ev-ffvc1156-2-e specified in board_part file is either invalid or not available
WARNING: [Board 49-26] cannot add Board Part xilinx.com:zcu111:part0:1.2 available at D:/vivado1/Vivado/2022.2/data/xhub/boards/XilinxBoardStore/boards/Xilinx/zcu111/1.2/board.xml as part xczu28dr-ffvg1517-2-e specified in board_part file is either invalid or not available
WARNING: [Board 49-26] cannot add Board Part xilinx.com:zcu111:part0:1.3 available at D:/vivado1/Vivado/2022.2/data/xhub/boards/XilinxBoardStore/boards/Xilinx/zcu111/1.3/board.xml as part xczu28dr-ffvg1517-2-e specified in board_part file is either invalid or not available
WARNING: [Board 49-26] cannot add Board Part xilinx.com:zcu111:part0:1.4 available at D:/vivado1/Vivado/2022.2/data/xhub/boards/XilinxBoardStore/boards/Xilinx/zcu111/1.4/board.xml as part xczu28dr-ffvg1517-2-e specified in board_part file is either invalid or not available
WARNING: [Board 49-26] cannot add Board Part xilinx.com:zcu1275:part0:1.0 available at D:/vivado1/Vivado/2022.2/data/xhub/boards/XilinxBoardStore/boards/Xilinx/zcu1275/1.0/board.xml as part xczu29dr-ffvf1760-2-e specified in board_part file is either invalid or not available
WARNING: [Board 49-26] cannot add Board Part xilinx.com:zcu1285:part0:1.0 available at D:/vivado1/Vivado/2022.2/data/xhub/boards/XilinxBoardStore/boards/Xilinx/zcu1285/1.0/board.xml as part xczu39dr-ffvf1760-2-i specified in board_part file is either invalid or not available
WARNING: [Board 49-26] cannot add Board Part xilinx.com:zcu208:part0:2.0 available at D:/vivado1/Vivado/2022.2/data/xhub/boards/XilinxBoardStore/boards/Xilinx/zcu208/production/2.0/board.xml as part xczu48dr-fsvg1517-2-e specified in board_part file is either invalid or not available
WARNING: [Board 49-26] cannot add Board Part xilinx.com:zcu208ld:part0:2.0 available at D:/vivado1/Vivado/2022.2/data/xhub/boards/XilinxBoardStore/boards/Xilinx/zcu208ld/production/2.0/board.xml as part xczu58dr-fsvg1517-2-i specified in board_part file is either invalid or not available
WARNING: [Board 49-26] cannot add Board Part xilinx.com:zcu216:part0:2.0 available at D:/vivado1/Vivado/2022.2/data/xhub/boards/XilinxBoardStore/boards/Xilinx/zcu216/production/2.0/board.xml as part xczu49dr-ffvf1760-2-e specified in board_part file is either invalid or not available
WARNING: [Board 49-26] cannot add Board Part xilinx.com:zcu216ld:part0:2.0 available at D:/vivado1/Vivado/2022.2/data/xhub/boards/XilinxBoardStore/boards/Xilinx/zcu216ld/production/2.0/board.xml as part xczu59dr-ffvf1760-2-i specified in board_part file is either invalid or not available
WARNING: [Board 49-26] cannot add Board Part xilinx.com:zcu670:part0:2.0 available at D:/vivado1/Vivado/2022.2/data/xhub/boards/XilinxBoardStore/boards/Xilinx/zcu670/2.0/board.xml as part xczu67dr-fsve1156-2-i specified in board_part file is either invalid or not available
WARNING: [Board 49-26] cannot add Board Part xilinx.com:zcu670ld:part0:1.0 available at D:/vivado1/Vivado/2022.2/data/xhub/boards/XilinxBoardStore/boards/Xilinx/zcu670ld/1.0/board.xml as part xczu57dr-fsve1156-2-i specified in board_part file is either invalid or not available
CRITICAL WARNING: [Project 1-19] Could not find the file 'C:/Super_Mario/super_mario/simple_dvi_encoder.v'.
Scanning sources...
Finished scanning sources
INFO: [IP_Flow 19-234] Refreshing IP repositories
INFO: [IP_Flow 19-1700] Loaded user IP repository 'c:/Super_Mario/super_mario/hdmi_tx_0_1'.
INFO: [IP_Flow 19-1700] Loaded user IP repository 'd:/vivado-library-master'.
INFO: [IP_Flow 19-2313] Loaded Vivado IP repository 'D:/vivado1/Vivado/2022.2/data/ip'.
open_project: Time (s): cpu = 00:00:12 ; elapsed = 00:00:10 . Memory (MB): peak = 1230.645 ; gain = 401.609
update_compile_order -fileset sources_1
reset_run synth_1
INFO: [Project 1-1161] Replacing file C:/Super_Mario/super_mario/super_mario.srcs/utils_1/imports/synth_1/mario_top.dcp with file C:/Super_Mario/super_mario/super_mario.runs/synth_1/mario_top.dcp
reset_run bd_mario_mig_7series_0_0_synth_1
launch_runs impl_1 -to_step write_bitstream -jobs 24
[Sun Dec  7 21:51:58 2025] Launched bd_mario_mig_7series_0_0_synth_1, synth_1...
Run output will be captured here:
bd_mario_mig_7series_0_0_synth_1: C:/Super_Mario/super_mario/super_mario.runs/bd_mario_mig_7series_0_0_synth_1/runme.log
synth_1: C:/Super_Mario/super_mario/super_mario.runs/synth_1/runme.log
[Sun Dec  7 21:51:59 2025] Launched impl_1...
Run output will be captured here: C:/Super_Mario/super_mario/super_mario.runs/impl_1/runme.log
reset_run synth_1
INFO: [Project 1-1161] Replacing file C:/Super_Mario/super_mario/super_mario.srcs/utils_1/imports/synth_1/mario_top.dcp with file C:/Super_Mario/super_mario/super_mario.runs/synth_1/mario_top.dcp
launch_runs impl_1 -to_step write_bitstream -jobs 24
[Sun Dec  7 22:19:02 2025] Launched bd_mario_mig_7series_0_0_synth_1, synth_1...
Run output will be captured here:
bd_mario_mig_7series_0_0_synth_1: C:/Super_Mario/super_mario/super_mario.runs/bd_mario_mig_7series_0_0_synth_1/runme.log
synth_1: C:/Super_Mario/super_mario/super_mario.runs/synth_1/runme.log
[Sun Dec  7 22:19:02 2025] Launched impl_1...
Run output will be captured here: C:/Super_Mario/super_mario/super_mario.runs/impl_1/runme.log
reset_run synth_1
INFO: [Project 1-1161] Replacing file C:/Super_Mario/super_mario/super_mario.srcs/utils_1/imports/synth_1/mario_top.dcp with file C:/Super_Mario/super_mario/super_mario.runs/synth_1/mario_top.dcp
set_property AUTO_INCREMENTAL_CHECKPOINT 0 [get_runs synth_1]
INFO: [Vivado 12-7078] The incremental_compile property on the run reflects the DCP used to generate the current run results. If you do not want to use "C:/Super_Mario/super_mario/super_mario.srcs/utils_1/imports/synth_1/mario_top.dcp" for future runs, please clear the incremental_compile DCP run property.
set_property incremental_checkpoint {} [get_runs synth_1]
launch_runs impl_1 -to_step write_bitstream -jobs 24
[Sun Dec  7 22:24:20 2025] Launched bd_mario_mig_7series_0_0_synth_1, synth_1...
Run output will be captured here:
bd_mario_mig_7series_0_0_synth_1: C:/Super_Mario/super_mario/super_mario.runs/bd_mario_mig_7series_0_0_synth_1/runme.log
synth_1: C:/Super_Mario/super_mario/super_mario.runs/synth_1/runme.log
[Sun Dec  7 22:24:20 2025] Launched impl_1...
Run output will be captured here: C:/Super_Mario/super_mario/super_mario.runs/impl_1/runme.log
write_hw_platform -fixed -include_bit -force -file E:///mario_top_1.xsa
INFO: [Project 1-1918] Creating Hardware Platform: E:/mario_top_1.xsa ...
INFO: [Project 1-1943] The Hardware Platform can be used for Hardware
INFO: [Project 1-1941] Successfully created Hardware Platform: E:/mario_top_1.xsa
INFO: [Hsi 55-2053] elapsed time for repository (D:/vivado1/Vivado/2022.2/data/embeddedsw) loading 1 seconds
reset_run synth_1
launch_runs impl_1 -to_step write_bitstream -jobs 24
[Sun Dec  7 22:44:59 2025] Launched bd_mario_mig_7series_0_0_synth_1, synth_1...
Run output will be captured here:
bd_mario_mig_7series_0_0_synth_1: C:/Super_Mario/super_mario/super_mario.runs/bd_mario_mig_7series_0_0_synth_1/runme.log
synth_1: C:/Super_Mario/super_mario/super_mario.runs/synth_1/runme.log
[Sun Dec  7 22:44:59 2025] Launched impl_1...
Run output will be captured here: C:/Super_Mario/super_mario/super_mario.runs/impl_1/runme.log
write_hw_platform -fixed -include_bit -force -file E:///mario_top_2.xsa
INFO: [Project 1-1918] Creating Hardware Platform: E:/mario_top_2.xsa ...
INFO: [Project 1-1943] The Hardware Platform can be used for Hardware
INFO: [Project 1-1941] Successfully created Hardware Platform: E:/mario_top_2.xsa
reset_run synth_1
launch_runs impl_1 -to_step write_bitstream -jobs 24
[Sun Dec  7 23:38:33 2025] Launched bd_mario_mig_7series_0_0_synth_1, synth_1...
Run output will be captured here:
bd_mario_mig_7series_0_0_synth_1: C:/Super_Mario/super_mario/super_mario.runs/bd_mario_mig_7series_0_0_synth_1/runme.log
synth_1: C:/Super_Mario/super_mario/super_mario.runs/synth_1/runme.log
[Sun Dec  7 23:38:33 2025] Launched impl_1...
Run output will be captured here: C:/Super_Mario/super_mario/super_mario.runs/impl_1/runme.log
write_hw_platform -fixed -include_bit -force -file E:///mario_top_4.xsa
INFO: [Project 1-1918] Creating Hardware Platform: E:/mario_top_4.xsa ...
INFO: [Project 1-1943] The Hardware Platform can be used for Hardware
INFO: [Project 1-1941] Successfully created Hardware Platform: E:/mario_top_4.xsa
reset_run synth_1
launch_runs impl_1 -to_step write_bitstream -jobs 24
[Mon Dec  8 00:25:20 2025] Launched bd_mario_mig_7series_0_0_synth_1, synth_1...
Run output will be captured here:
bd_mario_mig_7series_0_0_synth_1: C:/Super_Mario/super_mario/super_mario.runs/bd_mario_mig_7series_0_0_synth_1/runme.log
synth_1: C:/Super_Mario/super_mario/super_mario.runs/synth_1/runme.log
[Mon Dec  8 00:25:21 2025] Launched impl_1...
Run output will be captured here: C:/Super_Mario/super_mario/super_mario.runs/impl_1/runme.log
reset_run synth_1
launch_runs impl_1 -to_step write_bitstream -jobs 24
[Mon Dec  8 00:35:42 2025] Launched bd_mario_mig_7series_0_0_synth_1, synth_1...
Run output will be captured here:
bd_mario_mig_7series_0_0_synth_1: C:/Super_Mario/super_mario/super_mario.runs/bd_mario_mig_7series_0_0_synth_1/runme.log
synth_1: C:/Super_Mario/super_mario/super_mario.runs/synth_1/runme.log
[Mon Dec  8 00:35:42 2025] Launched impl_1...
Run output will be captured here: C:/Super_Mario/super_mario/super_mario.runs/impl_1/runme.log
reset_run impl_1
reset_run synth_1
launch_runs impl_1 -to_step write_bitstream -jobs 24
[Mon Dec  8 00:53:43 2025] Launched bd_mario_mig_7series_0_0_synth_1, synth_1...
Run output will be captured here:
bd_mario_mig_7series_0_0_synth_1: C:/Super_Mario/super_mario/super_mario.runs/bd_mario_mig_7series_0_0_synth_1/runme.log
synth_1: C:/Super_Mario/super_mario/super_mario.runs/synth_1/runme.log
[Mon Dec  8 00:53:43 2025] Launched impl_1...
Run output will be captured here: C:/Super_Mario/super_mario/super_mario.runs/impl_1/runme.log
reset_run synth_1
launch_runs impl_1 -to_step write_bitstream -jobs 24
[Mon Dec  8 13:42:57 2025] Launched bd_mario_mig_7series_0_0_synth_1, synth_1...
Run output will be captured here:
bd_mario_mig_7series_0_0_synth_1: C:/Super_Mario/super_mario/super_mario.runs/bd_mario_mig_7series_0_0_synth_1/runme.log
synth_1: C:/Super_Mario/super_mario/super_mario.runs/synth_1/runme.log
[Mon Dec  8 13:42:57 2025] Launched impl_1...
Run output will be captured here: C:/Super_Mario/super_mario/super_mario.runs/impl_1/runme.log
create_ip -name fifo_generator -vendor xilinx.com -library ip -version 13.2 -module_name fifo_generator_0
set_property -dict [list \
  CONFIG.Fifo_Implementation {Independent_Clocks_Block_RAM} \
  CONFIG.Input_Data_Width {8} \
] [get_ips fifo_generator_0]
generate_target {instantiation_template} [get_files c:/Super_Mario/super_mario/super_mario.srcs/sources_1/ip/fifo_generator_0/fifo_generator_0.xci]
INFO: [IP_Flow 19-1686] Generating 'Instantiation Template' target for IP 'fifo_generator_0'...
generate_target all [get_files  c:/Super_Mario/super_mario/super_mario.srcs/sources_1/ip/fifo_generator_0/fifo_generator_0.xci]
INFO: [IP_Flow 19-1686] Generating 'Synthesis' target for IP 'fifo_generator_0'...
INFO: [IP_Flow 19-1686] Generating 'Simulation' target for IP 'fifo_generator_0'...
INFO: [IP_Flow 19-1686] Generating 'Change Log' target for IP 'fifo_generator_0'...
catch { config_ip_cache -export [get_ips -all fifo_generator_0] }
INFO: [IP_Flow 19-6924] IPCACHE: Running cache check for IP inst: fifo_generator_0
export_ip_user_files -of_objects [get_files c:/Super_Mario/super_mario/super_mario.srcs/sources_1/ip/fifo_generator_0/fifo_generator_0.xci] -no_script -sync -force -quiet
create_ip_run [get_files -of_objects [get_fileset sources_1] c:/Super_Mario/super_mario/super_mario.srcs/sources_1/ip/fifo_generator_0/fifo_generator_0.xci]
launch_runs fifo_generator_0_synth_1 -jobs 24
INFO: [IP_Flow 19-6924] IPCACHE: Running cache check for IP inst: fifo_generator_0
[Mon Dec  8 15:35:26 2025] Launched fifo_generator_0_synth_1...
Run output will be captured here: C:/Super_Mario/super_mario/super_mario.runs/fifo_generator_0_synth_1/runme.log
export_simulation -of_objects [get_files c:/Super_Mario/super_mario/super_mario.srcs/sources_1/ip/fifo_generator_0/fifo_generator_0.xci] -directory C:/Super_Mario/super_mario/super_mario.ip_user_files/sim_scripts -ip_user_files_dir C:/Super_Mario/super_mario/super_mario.ip_user_files -ipstatic_source_dir C:/Super_Mario/super_mario/super_mario.ip_user_files/ipstatic -lib_map_path [list {modelsim=C:/Super_Mario/super_mario/super_mario.cache/compile_simlib/modelsim} {questa=C:/Super_Mario/super_mario/super_mario.cache/compile_simlib/questa} {riviera=C:/Super_Mario/super_mario/super_mario.cache/compile_simlib/riviera} {activehdl=C:/Super_Mario/super_mario/super_mario.cache/compile_simlib/activehdl}] -use_ip_compiled_libs -force -quiet
file mkdir C:/Super_Mario/super_mario/super_mario.srcs/sources_1/new
close [ open {C:/Super_Mario/super_mario/super_mario.srcs/sources_1/new/module audio_controller_xess.sv} w ]
add_files {{C:/Super_Mario/super_mario/super_mario.srcs/sources_1/new/module audio_controller_xess.sv}}
update_compile_order -fileset sources_1
set_property top audio_controller_xess [current_fileset]
update_compile_order -fileset sources_1
close [ open C:/Super_Mario/super_mario/super_mario.srcs/sources_1/new/pwm_audio_output.sv w ]
add_files C:/Super_Mario/super_mario/super_mario.srcs/sources_1/new/pwm_audio_output.sv
close [ open C:/Super_Mario/super_mario/super_mario.srcs/sources_1/new/sdcard_init.sv w ]
add_files C:/Super_Mario/super_mario/super_mario.srcs/sources_1/new/sdcard_init.sv
close [ open C:/Super_Mario/super_mario/super_mario.srcs/sources_1/new/audio_fifo_wrapper.sv w ]
add_files C:/Super_Mario/super_mario/super_mario.srcs/sources_1/new/audio_fifo_wrapper.sv
update_compile_order -fileset sources_1
add_files -norecurse {C:/Super_Mario/super_mario/Common.vhd C:/Super_Mario/super_mario/SDCard.vhd}
update_compile_order -fileset sources_1
update_compile_order -fileset sources_1
set_property library work [get_files  C:/Super_Mario/super_mario/SDCard.vhd]
set_property library xil_defaultlib [get_files  C:/Super_Mario/super_mario/SDCard.vhd]
close [ open C:/Super_Mario/super_mario/super_mario.srcs/sources_1/new/mario_top_audio_xess.sv w ]
add_files C:/Super_Mario/super_mario/super_mario.srcs/sources_1/new/mario_top_audio_xess.sv
update_compile_order -fileset sources_1
set_property top mario_top_audio_xess [current_fileset]
update_compile_order -fileset sources_1
reset_run synth_1
reset_run bd_mario_mig_7series_0_0_synth_1
launch_runs impl_1 -to_step write_bitstream -jobs 24
[Mon Dec  8 16:08:24 2025] Launched bd_mario_mig_7series_0_0_synth_1, synth_1...
Run output will be captured here:
bd_mario_mig_7series_0_0_synth_1: C:/Super_Mario/super_mario/super_mario.runs/bd_mario_mig_7series_0_0_synth_1/runme.log
synth_1: C:/Super_Mario/super_mario/super_mario.runs/synth_1/runme.log
[Mon Dec  8 16:08:24 2025] Launched impl_1...
Run output will be captured here: C:/Super_Mario/super_mario/super_mario.runs/impl_1/runme.log
reset_run synth_1
launch_runs impl_1 -to_step write_bitstream -jobs 24
[Mon Dec  8 16:17:36 2025] Launched bd_mario_mig_7series_0_0_synth_1, synth_1...
Run output will be captured here:
bd_mario_mig_7series_0_0_synth_1: C:/Super_Mario/super_mario/super_mario.runs/bd_mario_mig_7series_0_0_synth_1/runme.log
synth_1: C:/Super_Mario/super_mario/super_mario.runs/synth_1/runme.log
[Mon Dec  8 16:17:36 2025] Launched impl_1...
Run output will be captured here: C:/Super_Mario/super_mario/super_mario.runs/impl_1/runme.log
reset_run synth_1
launch_runs impl_1 -to_step write_bitstream -jobs 24
[Mon Dec  8 16:31:56 2025] Launched bd_mario_mig_7series_0_0_synth_1, synth_1...
Run output will be captured here:
bd_mario_mig_7series_0_0_synth_1: C:/Super_Mario/super_mario/super_mario.runs/bd_mario_mig_7series_0_0_synth_1/runme.log
synth_1: C:/Super_Mario/super_mario/super_mario.runs/synth_1/runme.log
[Mon Dec  8 16:31:56 2025] Launched impl_1...
Run output will be captured here: C:/Super_Mario/super_mario/super_mario.runs/impl_1/runme.log
write_hw_platform -fixed -include_bit -force -file E:///mario_top_10_demo_with_audio.xsa
INFO: [Project 1-1918] Creating Hardware Platform: E:/mario_top_10_demo_with_audio.xsa ...
INFO: [Project 1-1943] The Hardware Platform can be used for Hardware
INFO: [Project 1-1941] Successfully created Hardware Platform: E:/mario_top_10_demo_with_audio.xsa
open_hw_manager
connect_hw_server -allow_non_jtag
INFO: [Labtools 27-2285] Connecting to hw_server url TCP:localhost:3121
INFO: [Labtools 27-3415] Connecting to cs_server url TCP:localhost:0
INFO: [Labtools 27-3417] Launching cs_server...
INFO: [Labtools 27-2221] Launch Output:


******** Xilinx cs_server v2022.2.0
  ****** Build date   : Oct 04 2022-18:25:37
    **** Build number : 2022.2.1664925937
      ** Copyright 2017-2025 Xilinx, Inc. All Rights Reserved.



open_hw_target
INFO: [Labtoolstcl 44-466] Opening hw_target localhost:3121/xilinx_tcf/Xilinx/887100000000A
set_property PROGRAM.FILE {C:/Super_Mario/super_mario/super_mario.runs/impl_1/mario_top_audio_xess.bit} [get_hw_devices xc7s50_0]
current_hw_device [get_hw_devices xc7s50_0]
refresh_hw_device -update_hw_probes false [lindex [get_hw_devices xc7s50_0] 0]
INFO: [Labtools 27-1434] Device xc7s50 (JTAG device index = 0) is programmed with a design that has no supported debug core(s) in it.
set_property PROBES.FILE {} [get_hw_devices xc7s50_0]
set_property FULL_PROBES.FILE {} [get_hw_devices xc7s50_0]
set_property PROGRAM.FILE {C:/Super_Mario/super_mario/super_mario.runs/impl_1/mario_top_audio_xess.bit} [get_hw_devices xc7s50_0]
program_hw_devices [get_hw_devices xc7s50_0]
INFO: [Labtools 27-3164] End of startup status: HIGH
refresh_hw_device [lindex [get_hw_devices xc7s50_0] 0]
INFO: [Labtools 27-1434] Device xc7s50 (JTAG device index = 0) is programmed with a design that has no supported debug core(s) in it.
set_property PROBES.FILE {} [get_hw_devices xc7s50_0]
set_property FULL_PROBES.FILE {} [get_hw_devices xc7s50_0]
set_property PROGRAM.FILE {C:/Super_Mario/super_mario/super_mario.runs/impl_1/mario_top_audio_xess.bit} [get_hw_devices xc7s50_0]
program_hw_devices [get_hw_devices xc7s50_0]
INFO: [Labtools 27-3164] End of startup status: HIGH
refresh_hw_device [lindex [get_hw_devices xc7s50_0] 0]
INFO: [Labtools 27-1434] Device xc7s50 (JTAG device index = 0) is programmed with a design that has no supported debug core(s) in it.
refresh_hw_device [lindex [get_hw_devices xc7s50_0] 0]
INFO: [Labtools 27-1434] Device xc7s50 (JTAG device index = 0) is programmed with a design that has no supported debug core(s) in it.
set_property PROBES.FILE {} [get_hw_devices xc7s50_0]
set_property FULL_PROBES.FILE {} [get_hw_devices xc7s50_0]
set_property PROGRAM.FILE {C:/Super_Mario/super_mario/super_mario.runs/impl_1/mario_top_audio_xess.bit} [get_hw_devices xc7s50_0]
program_hw_devices [get_hw_devices xc7s50_0]
INFO: [Labtools 27-3164] End of startup status: HIGH
refresh_hw_device [lindex [get_hw_devices xc7s50_0] 0]
INFO: [Labtools 27-1434] Device xc7s50 (JTAG device index = 0) is programmed with a design that has no supported debug core(s) in it.
set_property PROBES.FILE {} [get_hw_devices xc7s50_0]
set_property FULL_PROBES.FILE {} [get_hw_devices xc7s50_0]
set_property PROGRAM.FILE {C:/Super_Mario/super_mario/super_mario.runs/impl_1/mario_top_audio_xess.bit} [get_hw_devices xc7s50_0]
program_hw_devices [get_hw_devices xc7s50_0]
INFO: [Labtools 27-3164] End of startup status: HIGH
refresh_hw_device [lindex [get_hw_devices xc7s50_0] 0]
INFO: [Labtools 27-1434] Device xc7s50 (JTAG device index = 0) is programmed with a design that has no supported debug core(s) in it.
ERROR: [Labtoolstcl 44-513] HW Target shutdown. Closing target: localhost:3121/xilinx_tcf/Xilinx/887100000000A
INFO: [Labtoolstcl 44-466] Opening hw_target localhost:3121/xilinx_tcf/Xilinx/887100000000A
INFO: [Labtools 27-1434] Device xc7s50 (JTAG device index = 0) is programmed with a design that has no supported debug core(s) in it.
WARNING: [Labtoolstcl 44-129] No matching hw_ila_data was found.
set_property PROBES.FILE {} [get_hw_devices xc7s50_0]
set_property FULL_PROBES.FILE {} [get_hw_devices xc7s50_0]
set_property PROGRAM.FILE {C:/Super_Mario/super_mario/super_mario.runs/impl_1/mario_top_audio_xess.bit} [get_hw_devices xc7s50_0]
program_hw_devices [get_hw_devices xc7s50_0]
INFO: [Labtools 27-3164] End of startup status: HIGH
refresh_hw_device [lindex [get_hw_devices xc7s50_0] 0]
INFO: [Labtools 27-1434] Device xc7s50 (JTAG device index = 0) is programmed with a design that has no supported debug core(s) in it.
ERROR: [Labtoolstcl 44-513] HW Target shutdown. Closing target: localhost:3121/xilinx_tcf/Xilinx/887100000000A
reset_run synth_1
close_hw_manager
launch_runs impl_1 -to_step write_bitstream -jobs 24
[Mon Dec  8 17:14:34 2025] Launched bd_mario_mig_7series_0_0_synth_1, synth_1...
Run output will be captured here:
bd_mario_mig_7series_0_0_synth_1: C:/Super_Mario/super_mario/super_mario.runs/bd_mario_mig_7series_0_0_synth_1/runme.log
synth_1: C:/Super_Mario/super_mario/super_mario.runs/synth_1/runme.log
[Mon Dec  8 17:14:34 2025] Launched impl_1...
Run output will be captured here: C:/Super_Mario/super_mario/super_mario.runs/impl_1/runme.log
write_hw_platform -fixed -include_bit -force -file E:///mario_top_13_audio_work.xsa
INFO: [Project 1-1918] Creating Hardware Platform: E:/mario_top_13_audio_work.xsa ...
INFO: [Project 1-1943] The Hardware Platform can be used for Hardware
INFO: [Project 1-1941] Successfully created Hardware Platform: E:/mario_top_13_audio_work.xsa
reset_run synth_1
launch_runs impl_1 -to_step write_bitstream -jobs 24
[Mon Dec  8 17:53:47 2025] Launched bd_mario_mig_7series_0_0_synth_1, synth_1...
Run output will be captured here:
bd_mario_mig_7series_0_0_synth_1: C:/Super_Mario/super_mario/super_mario.runs/bd_mario_mig_7series_0_0_synth_1/runme.log
synth_1: C:/Super_Mario/super_mario/super_mario.runs/synth_1/runme.log
[Mon Dec  8 17:53:48 2025] Launched impl_1...
Run output will be captured here: C:/Super_Mario/super_mario/super_mario.runs/impl_1/runme.log
reset_run impl_1
reset_run synth_1
launch_runs impl_1 -to_step write_bitstream -jobs 24
[Mon Dec  8 18:07:26 2025] Launched bd_mario_mig_7series_0_0_synth_1, synth_1...
Run output will be captured here:
bd_mario_mig_7series_0_0_synth_1: C:/Super_Mario/super_mario/super_mario.runs/bd_mario_mig_7series_0_0_synth_1/runme.log
synth_1: C:/Super_Mario/super_mario/super_mario.runs/synth_1/runme.log
[Mon Dec  8 18:07:26 2025] Launched impl_1...
Run output will be captured here: C:/Super_Mario/super_mario/super_mario.runs/impl_1/runme.log
write_hw_platform -fixed -include_bit -force -file E:///mario_top_14.xsa
INFO: [Project 1-1918] Creating Hardware Platform: E:/mario_top_14.xsa ...
INFO: [Project 1-1943] The Hardware Platform can be used for Hardware
INFO: [Project 1-1941] Successfully created Hardware Platform: E:/mario_top_14.xsa
reset_run synth_1
launch_runs impl_1 -to_step write_bitstream -jobs 24
[Mon Dec  8 18:25:14 2025] Launched bd_mario_mig_7series_0_0_synth_1, synth_1...
Run output will be captured here:
bd_mario_mig_7series_0_0_synth_1: C:/Super_Mario/super_mario/super_mario.runs/bd_mario_mig_7series_0_0_synth_1/runme.log
synth_1: C:/Super_Mario/super_mario/super_mario.runs/synth_1/runme.log
[Mon Dec  8 18:25:14 2025] Launched impl_1...
Run output will be captured here: C:/Super_Mario/super_mario/super_mario.runs/impl_1/runme.log
reset_run synth_1
reset_run bd_mario_mig_7series_0_0_synth_1
WARNING: [Vivado 12-1017] Problems encountered:
1. Failed to delete one or more files in run directory C:/Super_Mario/super_mario/super_mario.runs/bd_mario_mig_7series_0_0_synth_1

launch_runs impl_1 -to_step write_bitstream -jobs 24
[Mon Dec  8 18:28:06 2025] Launched bd_mario_mig_7series_0_0_synth_1, synth_1...
Run output will be captured here:
bd_mario_mig_7series_0_0_synth_1: C:/Super_Mario/super_mario/super_mario.runs/bd_mario_mig_7series_0_0_synth_1/runme.log
synth_1: C:/Super_Mario/super_mario/super_mario.runs/synth_1/runme.log
[Mon Dec  8 18:28:06 2025] Launched impl_1...
Run output will be captured here: C:/Super_Mario/super_mario/super_mario.runs/impl_1/runme.log
write_hw_platform -fixed -include_bit -force -file E:///mario_top_15.xsa
INFO: [Project 1-1918] Creating Hardware Platform: E:/mario_top_15.xsa ...
INFO: [Project 1-1943] The Hardware Platform can be used for Hardware
INFO: [Project 1-1941] Successfully created Hardware Platform: E:/mario_top_15.xsa
exit
INFO: [Common 17-206] Exiting Vivado at Mon Dec  8 18:41:54 2025...
